Solutio@DESKTOP-VAVBBPC MINGW64 ~/projects/comercioelectronico (main)
$ mvn install
[INFO] Scanning for projects...
[INFO]                                                                         
[INFO] ----------------------< com:comercioelectronico >-----------------------
[INFO] Building comercioelectronico 0.0.1-SNAPSHOT                             
[INFO] --------------------------------[ jar ]---------------------------------
[INFO]                                                                                         
[INFO] --- maven-resources-plugin:3.3.1:resources (default-resources) @ comercioelectronico ---
[INFO] Copying 1 resource from src\main\resources to target\classes
[INFO] Copying 1 resource from src\main\resources to target\classes
[INFO]                                                             
[INFO] --- maven-compiler-plugin:3.11.0:compile (default-compile) @ comercioelectronico ---
[INFO] Nothing to compile - all classes are up to date
[INFO]
[INFO] --- maven-resources-plugin:3.3.1:testResources (default-testResources) @ comercioelectronico ---
[INFO] skip non existing resourceDirectory C:\Users\Solutio\projects\comercioelectronico\src\test\resources
[INFO]
[INFO] --- maven-compiler-plugin:3.11.0:testCompile (default-testCompile) @ comercioelectronico ---
[INFO] Nothing to compile - all classes are up to date
[INFO]
[INFO] --- maven-surefire-plugin:3.0.0:test (default-test) @ comercioelectronico ---
[INFO] Using auto detected provider org.apache.maven.surefire.junitplatform.JUnitPlatformProvider
[INFO] 
[INFO] -------------------------------------------------------
[INFO]  T E S T S
[INFO] -------------------------------------------------------
[INFO] Running com.comercioelectronico.ComercioelectronicoApplicationTests
14:53:06.833 [main] INFO org.springframework.test.context.support.AnnotationConfigContextLoaderUtils -- Could not detect default configuration classes for test cla
ss [com.comercioelectronico.ComercioelectronicoApplicationTests]: ComercioelectronicoApplicationTests does not declare any static, non-private, non-final, nested c
lasses annotated with @Configuration.
14:53:06.985 [main] INFO org.springframework.boot.test.context.SpringBootTestContextBootstrapper -- Found @SpringBootConfiguration com.comercioelectronico.Comercio
electronicoApplication for test class com.comercioelectronico.ComercioelectronicoApplicationTests

  .   ____          _            __ _ _
 /\\ / ___'_ __ _ _(_)_ __  __ _ \ \ \ \
( ( )\___ | '_ | '_| | '_ \/ _` | \ \ \ \
 \\/  ___)| |_)| | | | | || (_| |  ) ) ) )
  '  |____| .__|_| |_|_| |_\__, | / / / /
 =========|_|==============|___/=/_/_/_/
 :: Spring Boot ::                (v3.1.5)

2023-11-27T14:53:07.481+01:00  INFO 18176 --- [           main] c.c.ComercioelectronicoApplicationTests  : Starting ComercioelectronicoApplicationTests using Java 
17.0.2 with PID 18176 (started by Solutio in C:\Users\Solutio\projects\comercioelectronico)
2023-11-27T14:53:07.483+01:00  INFO 18176 --- [           main] c.c.ComercioelectronicoApplicationTests  : No active profile set, falling back to 1 default profile
: "default"
2023-11-27T14:53:08.410+01:00  INFO 18176 --- [           main] .s.d.r.c.RepositoryConfigurationDelegate : Bootstrapping Spring Data JPA repositories in DEFAULT mo
de.
2023-11-27T14:53:08.475+01:00  INFO 18176 --- [           main] .s.d.r.c.RepositoryConfigurationDelegate : Finished Spring Data repository scanning in 56 ms. Found
 1 JPA repository interfaces.
2023-11-27T14:53:09.012+01:00  INFO 18176 --- [           main] com.zaxxer.hikari.HikariDataSource       : HikariPool-1 - Starting...
2023-11-27T14:53:09.236+01:00  INFO 18176 --- [           main] com.zaxxer.hikari.pool.HikariPool        : HikariPool-1 - Added connection conn0: url=jdbc:h2:mem:t
estdb user=SA
2023-11-27T14:53:09.238+01:00  INFO 18176 --- [           main] com.zaxxer.hikari.HikariDataSource       : HikariPool-1 - Start completed.
2023-11-27T14:53:09.297+01:00  INFO 18176 --- [           main] o.hibernate.jpa.internal.util.LogHelper  : HHH000204: Processing PersistenceUnitInfo [name: default
]
2023-11-27T14:53:09.385+01:00  INFO 18176 --- [           main] org.hibernate.Version                    : HHH000412: Hibernate ORM core version 6.2.13.Final
2023-11-27T14:53:09.388+01:00  INFO 18176 --- [           main] org.hibernate.cfg.Environment            : HHH000406: Using bytecode reflection optimizer
2023-11-27T14:53:09.763+01:00  INFO 18176 --- [           main] o.s.o.j.p.SpringPersistenceUnitInfo      : No LoadTimeWeaver setup: ignoring JPA class transformer
2023-11-27T14:53:09.823+01:00  WARN 18176 --- [           main] org.hibernate.orm.deprecation            : HHH90000025: H2Dialect does not need to be specified exp
licitly using 'hibernate.dialect' (remove the property setting and it will be selected by default)
2023-11-27T14:53:10.660+01:00  INFO 18176 --- [           main] o.h.e.t.j.p.i.JtaPlatformInitiator       : HHH000489: No JTA platform available (set 'hibernate.tra
nsaction.jta.platform' to enable JTA platform integration)
2023-11-27T14:53:10.693+01:00  INFO 18176 --- [           main] j.LocalContainerEntityManagerFactoryBean : Initialized JPA EntityManagerFactory for persistence uni
t 'default'
2023-11-27T14:53:11.001+01:00  INFO 18176 --- [           main] o.s.d.j.r.query.QueryEnhancerFactory     : Hibernate is in classpath; If applicable, HQL parser wil
l be used.
2023-11-27T14:53:11.180+01:00  WARN 18176 --- [           main] JpaBaseConfiguration$JpaWebConfiguration : spring.jpa.open-in-view is enabled by default. Therefore
, database queries may be performed during view rendering. Explicitly configure spring.jpa.open-in-view to disable this warning
2023-11-27T14:53:11.840+01:00  INFO 18176 --- [           main] o.s.b.a.h2.H2ConsoleAutoConfiguration    : H2 console available at '/h2-console'. Database availabl
e at 'jdbc:h2:mem:testdb'
2023-11-27T14:53:11.926+01:00  INFO 18176 --- [           main] c.c.ComercioelectronicoApplicationTests  : Started ComercioelectronicoApplicationTests in 4.738 sec
onds (process running for 6.311)
Java HotSpot(TM) 64-Bit Server VM warning: Sharing is only supported for boot loader classes because bootstrap classpath has been appended
[INFO] Tests run: 7, Failures: 0, Errors: 0, Skipped: 0, Time elapsed: 9.462 s - in com.comercioelectronico.ComercioelectronicoApplicationTests
[INFO] 
[INFO] Results:
[INFO]
[INFO] Tests run: 7, Failures: 0, Errors: 0, Skipped: 0
[INFO]
[INFO]
[INFO] --- maven-jar-plugin:3.3.0:jar (default-jar) @ comercioelectronico ---
[INFO] 
[INFO] --- spring-boot-maven-plugin:3.1.5:repackage (repackage) @ comercioelectronico ---
[INFO] Replacing main artifact C:\Users\Solutio\projects\comercioelectronico\target\comercioelectronico-0.0.1-SNAPSHOT.jar with repackaged archive, adding nested d
ependencies in BOOT-INF/.
[INFO] The original artifact has been renamed to C:\Users\Solutio\projects\comercioelectronico\target\comercioelectronico-0.0.1-SNAPSHOT.jar.original
[INFO]
[INFO] --- maven-install-plugin:3.1.1:install (default-install) @ comercioelectronico ---
[INFO] Installing C:\Users\Solutio\projects\comercioelectronico\pom.xml to C:\Users\Solutio\.m2\repository\com\comercioelectronico\0.0.1-SNAPSHOT\comercioelectroni
co-0.0.1-SNAPSHOT.pom
[INFO] Installing C:\Users\Solutio\projects\comercioelectronico\target\comercioelectronico-0.0.1-SNAPSHOT.jar to C:\Users\Solutio\.m2\repository\com\comercioelectr
onico\0.0.1-SNAPSHOT\comercioelectronico-0.0.1-SNAPSHOT.jar
[INFO] ------------------------------------------------------------------------
[INFO] BUILD SUCCESS
[INFO] ------------------------------------------------------------------------
[INFO] Total time:  16.884 s