solutio@DESKTOP-VAVBBPC MINGW64 ~/projects/comercioelectronico (main)
$ mvn spring-boot:run -Dspring-boot.run.profiles=local -Dfile.encoding=UTF-8
[INFO] Scanning for projects...
[INFO]
[INFO] ----------------------< com:comercioelectronico >-----------------------
[INFO] Building comercioelectronico 0.0.1-SNAPSHOT
[INFO] --------------------------------[ jar ]---------------------------------
[INFO]
[INFO] >>> spring-boot-maven-plugin:3.1.5:run (default-cli) > test-compile @ comercioelectronico >>>
[INFO]
[INFO] --- maven-resources-plugin:3.3.1:resources (default-resources) @ comercioelectronico ---
[INFO] Copying 1 resource from src\main\resources to target\classes
[INFO] Copying 1 resource from src\main\resources to target\classes
[INFO]
[INFO] --- maven-compiler-plugin:3.11.0:compile (default-compile) @ comercioelectronico ---
[INFO] Nothing to compile - all classes are up to date                                                 
[INFO]                                                                                                 
[INFO] --- maven-resources-plugin:3.3.1:testResources (default-testResources) @ comercioelectronico ---
[INFO] skip non existing resourceDirectory C:\Users\Solutio\projects\comercioelectronico\src\test\resources
[INFO]                                                                                                     
[INFO] --- maven-compiler-plugin:3.11.0:testCompile (default-testCompile) @ comercioelectronico ---        
[INFO] Nothing to compile - all classes are up to date
[INFO]
[INFO] <<< spring-boot-maven-plugin:3.1.5:run (default-cli) < test-compile @ comercioelectronico <<<
[INFO]
[INFO]
[INFO] --- spring-boot-maven-plugin:3.1.5:run (default-cli) @ comercioelectronico ---
[INFO] Attaching agents: []

  .   ____          _            __ _ _
 /\\ / ___'_ __ _ _(_)_ __  __ _ \ \ \ \
( ( )\___ | '_ | '_| | '_ \/ _` | \ \ \ \
 \\/  ___)| |_)| | | | | || (_| |  ) ) ) )
  '  |____| .__|_| |_|_| |_\__, | / / / /
 =========|_|==============|___/=/_/_/_/
 :: Spring Boot ::                (v3.1.5)

2023-11-27T14:48:21.451+01:00  INFO 16556 --- [           main] c.c.ComercioelectronicoApplication       : Starting ComercioelectronicoApplication using Java 17.0.
2 with PID 16556 (C:\Users\Solutio\projects\comercioelectronico\target\classes started by Solutio in C:\Users\Solutio\projects\comercioelectronico)
2023-11-27T14:48:21.455+01:00  INFO 16556 --- [           main] c.c.ComercioelectronicoApplication       : The following 1 profile is active: "local"
2023-11-27T14:48:22.183+01:00  INFO 16556 --- [           main] .s.d.r.c.RepositoryConfigurationDelegate : Bootstrapping Spring Data JPA repositories in DEFAULT mo
de.
2023-11-27T14:48:22.238+01:00  INFO 16556 --- [           main] .s.d.r.c.RepositoryConfigurationDelegate : Finished Spring Data repository scanning in 46 ms. Found
 1 JPA repository interfaces.
2023-11-27T14:48:22.815+01:00  INFO 16556 --- [           main] o.s.b.w.embedded.tomcat.TomcatWebServer  : Tomcat initialized with port(s): 8080 (http)
2023-11-27T14:48:22.831+01:00  INFO 16556 --- [           main] o.apache.catalina.core.StandardService   : Starting service [Tomcat]
2023-11-27T14:48:22.831+01:00  INFO 16556 --- [           main] o.apache.catalina.core.StandardEngine    : Starting Servlet engine: [Apache Tomcat/10.1.15]        
2023-11-27T14:48:22.946+01:00  INFO 16556 --- [           main] o.a.c.c.C.[Tomcat].[localhost].[/]       : Initializing Spring embedded WebApplicationContext
2023-11-27T14:48:22.947+01:00  INFO 16556 --- [           main] w.s.c.ServletWebServerApplicationContext : Root WebApplicationContext: initialization completed in 
1265 ms
2023-11-27T14:48:22.975+01:00  INFO 16556 --- [           main] com.zaxxer.hikari.HikariDataSource       : HikariPool-1 - Starting...
2023-11-27T14:48:23.154+01:00  INFO 16556 --- [           main] com.zaxxer.hikari.pool.HikariPool        : HikariPool-1 - Added connection conn0: url=jdbc:h2:mem:t
estdb user=SA
2023-11-27T14:48:23.156+01:00  INFO 16556 --- [           main] com.zaxxer.hikari.HikariDataSource       : HikariPool-1 - Start completed.
2023-11-27T14:48:23.170+01:00  INFO 16556 --- [           main] o.s.b.a.h2.H2ConsoleAutoConfiguration    : H2 console available at '/h2-console'. Database availabl
e at 'jdbc:h2:mem:testdb'
2023-11-27T14:48:23.288+01:00  INFO 16556 --- [           main] o.hibernate.jpa.internal.util.LogHelper  : HHH000204: Processing PersistenceUnitInfo [name: default
]
2023-11-27T14:48:23.337+01:00  INFO 16556 --- [           main] org.hibernate.Version                    : HHH000412: Hibernate ORM core version 6.2.13.Final
2023-11-27T14:48:23.339+01:00  INFO 16556 --- [           main] org.hibernate.cfg.Environment            : HHH000406: Using bytecode reflection optimizer
2023-11-27T14:48:23.599+01:00  INFO 16556 --- [           main] o.s.o.j.p.SpringPersistenceUnitInfo      : No LoadTimeWeaver setup: ignoring JPA class transformer
2023-11-27T14:48:23.641+01:00  WARN 16556 --- [           main] org.hibernate.orm.deprecation            : HHH90000025: H2Dialect does not need to be specified exp
licitly using 'hibernate.dialect' (remove the property setting and it will be selected by default)
2023-11-27T14:48:24.372+01:00  INFO 16556 --- [           main] o.h.e.t.j.p.i.JtaPlatformInitiator       : HHH000489: No JTA platform available (set 'hibernate.tra
nsaction.jta.platform' to enable JTA platform integration)
2023-11-27T14:48:24.404+01:00  INFO 16556 --- [           main] j.LocalContainerEntityManagerFactoryBean : Initialized JPA EntityManagerFactory for persistence uni
t 'default'
2023-11-27T14:48:24.623+01:00  INFO 16556 --- [           main] o.s.d.j.r.query.QueryEnhancerFactory     : Hibernate is in classpath; If applicable, HQL parser wil
l be used.
2023-11-27T14:48:24.680+01:00  WARN 16556 --- [           main] JpaBaseConfiguration$JpaWebConfiguration : spring.jpa.open-in-view is enabled by default. Therefore
, database queries may be performed during view rendering. Explicitly configure spring.jpa.open-in-view to disable this warning
2023-11-27T14:48:25.206+01:00  INFO 16556 --- [           main] o.s.b.w.embedded.tomcat.TomcatWebServer  : Tomcat started on port(s): 8080 (http) with context path
 ''
2023-11-27T14:48:25.215+01:00  INFO 16556 --- [           main] c.c.ComercioelectronicoApplication       : Started ComercioelectronicoApplication in 4.125 seconds 
(process running for 4.503)
